This file contains any messages produced by compilers while
running configure, to aid debugging if configure makes a mistake.

It was created by stoken configure 0.92, which was
generated by GNU Autoconf 2.69.  Invocation command line was

  $ ./configure --with-java

## --------- ##
## Platform. ##
## --------- ##

hostname = Rakeshs-MacBook-Pro.local
uname -m = x86_64
uname -r = 17.7.0
uname -s = Darwin
uname -v = Darwin Kernel Version 17.7.0: Thu Jun 21 22:53:14 PDT 2018; root:xnu-4570.71.2~1/RELEASE_X86_64

/usr/bin/uname -p = i386
/bin/uname -X     = unknown

/bin/arch              = unknown
/usr/bin/arch -k       = unknown
/usr/convex/getsysinfo = unknown
/usr/bin/hostinfo      = Mach kernel version:
	 Darwin Kernel Version 17.7.0: Thu Jun 21 22:53:14 PDT 2018; root:xnu-4570.71.2~1/RELEASE_X86_64
Kernel configured for up to 4 processors.
2 processors are physically available.
4 processors are logically available.
Processor type: x86_64h (Intel x86-64h Haswell)
Processors active: 0 1 2 3
Primary memory available: 16.00 gigabytes
Default processor set: 308 tasks, 1276 threads, 4 processors
Load average: 2.09, Mach factor: 1.90
/bin/machine           = unknown
/usr/bin/oslevel       = unknown
/bin/universe          = unknown

PATH: /Users/rakesh/.rvm/gems/ruby-2.5.1/bin
PATH: /Users/rakesh/.rvm/gems/ruby-2.5.1@global/bin
PATH: /Users/rakesh/.rvm/rubies/ruby-2.5.1/bin
PATH: /usr/local/bin
PATH: /usr/bin
PATH: /bin
PATH: /usr/sbin
PATH: /sbin
PATH: /usr/local/MacGPG2/bin
PATH: /usr/local/share/dotnet
PATH: /opt/X11/bin
PATH: ~/.dotnet/tools
PATH: /Library/Frameworks/Mono.framework/Versions/Current/Commands
PATH: /Applications/Xamarin Workbooks.app/Contents/SharedSupport/path-bin
PATH: /Users/rakesh/install/apache-maven/bin
PATH: /Users/rakesh/install/sbt/bin
PATH: /usr/local/sbin
PATH: /Users/rakesh/install/apache-ant-1.10.1
PATH: /Users/rakesh/.rvm/bin
PATH: /Users/rakesh/.rvm/bin


## ----------- ##
## Core tests. ##
## ----------- ##

configure:2350: checking for a BSD-compatible install
configure:2418: result: /usr/local/bin/ginstall -c
configure:2429: checking whether build environment is sane
configure:2484: result: yes
configure:2635: checking for a thread-safe mkdir -p
configure:2674: result: /usr/local/bin/gmkdir -p
configure:2681: checking for gawk
configure:2711: result: no
configure:2681: checking for mawk
configure:2711: result: no
configure:2681: checking for nawk
configure:2711: result: no
configure:2681: checking for awk
configure:2697: found /usr/bin/awk
configure:2708: result: awk
configure:2719: checking whether make sets $(MAKE)
configure:2741: result: yes
configure:2770: checking whether make supports nested variables
configure:2787: result: yes
configure:2920: checking whether make supports the include directive
configure:2935: make -f confmf.GNU && cat confinc.out
this is the am__doit target
configure:2938: $? = 0
configure:2957: result: yes (GNU style)
configure:3027: checking for gcc
configure:3043: found /usr/bin/gcc
configure:3054: result: gcc
configure:3283: checking for C compiler version
configure:3292: gcc --version >&5
Apple LLVM version 9.1.0 (clang-902.0.39.2)
Target: x86_64-apple-darwin17.7.0
Thread model: posix
InstalledDir: /Applications/Xcode.app/Contents/Developer/Toolchains/XcodeDefault.xctoolchain/usr/bin
Configured with: --prefix=/Applications/Xcode.app/Contents/Developer/usr --with-gxx-include-dir=/usr/include/c++/4.2.1
configure:3303: $? = 0
configure:3292: gcc -v >&5
Configured with: --prefix=/Applications/Xcode.app/Contents/Developer/usr --with-gxx-include-dir=/usr/include/c++/4.2.1
Apple LLVM version 9.1.0 (clang-902.0.39.2)
Target: x86_64-apple-darwin17.7.0
Thread model: posix
InstalledDir: /Applications/Xcode.app/Contents/Developer/Toolchains/XcodeDefault.xctoolchain/usr/bin
configure:3303: $? = 0
configure:3292: gcc -V >&5
clang: error: argument to '-V' is missing (expected 1 value)
clang: error: no input files
configure:3303: $? = 1
configure:3292: gcc -qversion >&5
clang: error: unknown argument: '-qversion'
clang: error: no input files
configure:3303: $? = 1
configure:3323: checking whether the C compiler works
configure:3345: gcc    conftest.c  >&5
configure:3349: $? = 0
configure:3397: result: yes
configure:3400: checking for C compiler default output file name
configure:3402: result: a.out
configure:3408: checking for suffix of executables
configure:3415: gcc -o conftest    conftest.c  >&5
configure:3419: $? = 0
configure:3441: result: 
configure:3463: checking whether we are cross compiling
configure:3471: gcc -o conftest    conftest.c  >&5
configure:3475: $? = 0
configure:3482: ./conftest
configure:3486: $? = 0
configure:3501: result: no
configure:3506: checking for suffix of object files
configure:3528: gcc -c   conftest.c >&5
configure:3532: $? = 0
configure:3553: result: o
configure:3557: checking whether we are using the GNU C compiler
configure:3576: gcc -c   conftest.c >&5
configure:3576: $? = 0
configure:3585: result: yes
configure:3594: checking whether gcc accepts -g
configure:3614: gcc -c -g  conftest.c >&5
configure:3614: $? = 0
configure:3655: result: yes
configure:3672: checking for gcc option to accept ISO C89
configure:3735: gcc  -c -g -O2  conftest.c >&5
configure:3735: $? = 0
configure:3748: result: none needed
configure:3773: checking whether gcc understands -c and -o together
configure:3795: gcc -c conftest.c -o conftest2.o
configure:3798: $? = 0
configure:3795: gcc -c conftest.c -o conftest2.o
configure:3798: $? = 0
configure:3810: result: yes
configure:3829: checking dependency style of gcc
configure:3940: result: gcc3
configure:3961: checking how to run the C preprocessor
configure:3992: gcc -E  conftest.c
configure:3992: $? = 0
configure:4006: gcc -E  conftest.c
conftest.c:11:10: fatal error: 'ac_nonexistent.h' file not found
#include <ac_nonexistent.h>
         ^~~~~~~~~~~~~~~~~~
1 error generated.
configure:4006: $? = 1
configure: failed program was:
| /* confdefs.h */
| #define PACKAGE_NAME "stoken"
| #define PACKAGE_TARNAME "stoken"
| #define PACKAGE_VERSION "0.92"
| #define PACKAGE_STRING "stoken 0.92"
| #define PACKAGE_BUGREPORT "cernekee@gmail.com"
| #define PACKAGE_URL "http://stoken.sf.net/"
| #define PACKAGE "stoken"
| #define VERSION "0.92"
| /* end confdefs.h.  */
| #include <ac_nonexistent.h>
configure:4031: result: gcc -E
configure:4051: gcc -E  conftest.c
configure:4051: $? = 0
configure:4065: gcc -E  conftest.c
conftest.c:11:10: fatal error: 'ac_nonexistent.h' file not found
#include <ac_nonexistent.h>
         ^~~~~~~~~~~~~~~~~~
1 error generated.
configure:4065: $? = 1
configure: failed program was:
| /* confdefs.h */
| #define PACKAGE_NAME "stoken"
| #define PACKAGE_TARNAME "stoken"
| #define PACKAGE_VERSION "0.92"
| #define PACKAGE_STRING "stoken 0.92"
| #define PACKAGE_BUGREPORT "cernekee@gmail.com"
| #define PACKAGE_URL "http://stoken.sf.net/"
| #define PACKAGE "stoken"
| #define VERSION "0.92"
| /* end confdefs.h.  */
| #include <ac_nonexistent.h>
configure:4094: checking for grep that handles long lines and -e
configure:4152: result: /usr/bin/grep
configure:4157: checking for egrep
configure:4219: result: /usr/bin/grep -E
configure:4224: checking for ANSI C header files
configure:4244: gcc -c -g -O2  conftest.c >&5
configure:4244: $? = 0
configure:4317: gcc -o conftest -g -O2   conftest.c  >&5
configure:4317: $? = 0
configure:4317: ./conftest
configure:4317: $? = 0
configure:4328: result: yes
configure:4341: checking for sys/types.h
configure:4341: gcc -c -g -O2  conftest.c >&5
configure:4341: $? = 0
configure:4341: result: yes
configure:4341: checking for sys/stat.h
configure:4341: gcc -c -g -O2  conftest.c >&5
configure:4341: $? = 0
configure:4341: result: yes
configure:4341: checking for stdlib.h
configure:4341: gcc -c -g -O2  conftest.c >&5
configure:4341: $? = 0
configure:4341: result: yes
configure:4341: checking for string.h
configure:4341: gcc -c -g -O2  conftest.c >&5
configure:4341: $? = 0
configure:4341: result: yes
configure:4341: checking for memory.h
configure:4341: gcc -c -g -O2  conftest.c >&5
configure:4341: $? = 0
configure:4341: result: yes
configure:4341: checking for strings.h
configure:4341: gcc -c -g -O2  conftest.c >&5
configure:4341: $? = 0
configure:4341: result: yes
configure:4341: checking for inttypes.h
configure:4341: gcc -c -g -O2  conftest.c >&5
configure:4341: $? = 0
configure:4341: result: yes
configure:4341: checking for stdint.h
configure:4341: gcc -c -g -O2  conftest.c >&5
configure:4341: $? = 0
configure:4341: result: yes
configure:4341: checking for unistd.h
configure:4341: gcc -c -g -O2  conftest.c >&5
configure:4341: $? = 0
configure:4341: result: yes
configure:4354: checking minix/config.h usability
configure:4354: gcc -c -g -O2  conftest.c >&5
conftest.c:54:10: fatal error: 'minix/config.h' file not found
#include <minix/config.h>
         ^~~~~~~~~~~~~~~~
1 error generated.
configure:4354: $? = 1
configure: failed program was:
| /* confdefs.h */
| #define PACKAGE_NAME "stoken"
| #define PACKAGE_TARNAME "stoken"
| #define PACKAGE_VERSION "0.92"
| #define PACKAGE_STRING "stoken 0.92"
| #define PACKAGE_BUGREPORT "cernekee@gmail.com"
| #define PACKAGE_URL "http://stoken.sf.net/"
| #define PACKAGE "stoken"
| #define VERSION "0.92"
| #define STDC_HEADERS 1
| #define HAVE_SYS_TYPES_H 1
| #define HAVE_SYS_STAT_H 1
| #define HAVE_STDLIB_H 1
| #define HAVE_STRING_H 1
| #define HAVE_MEMORY_H 1
| #define HAVE_STRINGS_H 1
| #define HAVE_INTTYPES_H 1
| #define HAVE_STDINT_H 1
| #define HAVE_UNISTD_H 1
| /* end confdefs.h.  */
| #include <stdio.h>
| #ifdef HAVE_SYS_TYPES_H
| # include <sys/types.h>
| #endif
| #ifdef HAVE_SYS_STAT_H
| # include <sys/stat.h>
| #endif
| #ifdef STDC_HEADERS
| # include <stdlib.h>
| # include <stddef.h>
| #else
| # ifdef HAVE_STDLIB_H
| #  include <stdlib.h>
| # endif
| #endif
| #ifdef HAVE_STRING_H
| # if !defined STDC_HEADERS && defined HAVE_MEMORY_H
| #  include <memory.h>
| # endif
| # include <string.h>
| #endif
| #ifdef HAVE_STRINGS_H
| # include <strings.h>
| #endif
| #ifdef HAVE_INTTYPES_H
| # include <inttypes.h>
| #endif
| #ifdef HAVE_STDINT_H
| # include <stdint.h>
| #endif
| #ifdef HAVE_UNISTD_H
| # include <unistd.h>
| #endif
| #include <minix/config.h>
configure:4354: result: no
configure:4354: checking minix/config.h presence
configure:4354: gcc -E  conftest.c
conftest.c:21:10: fatal error: 'minix/config.h' file not found
#include <minix/config.h>
         ^~~~~~~~~~~~~~~~
1 error generated.
configure:4354: $? = 1
configure: failed program was:
| /* confdefs.h */
| #define PACKAGE_NAME "stoken"
| #define PACKAGE_TARNAME "stoken"
| #define PACKAGE_VERSION "0.92"
| #define PACKAGE_STRING "stoken 0.92"
| #define PACKAGE_BUGREPORT "cernekee@gmail.com"
| #define PACKAGE_URL "http://stoken.sf.net/"
| #define PACKAGE "stoken"
| #define VERSION "0.92"
| #define STDC_HEADERS 1
| #define HAVE_SYS_TYPES_H 1
| #define HAVE_SYS_STAT_H 1
| #define HAVE_STDLIB_H 1
| #define HAVE_STRING_H 1
| #define HAVE_MEMORY_H 1
| #define HAVE_STRINGS_H 1
| #define HAVE_INTTYPES_H 1
| #define HAVE_STDINT_H 1
| #define HAVE_UNISTD_H 1
| /* end confdefs.h.  */
| #include <minix/config.h>
configure:4354: result: no
configure:4354: checking for minix/config.h
configure:4354: result: no
configure:4375: checking whether it is safe to define __EXTENSIONS__
configure:4393: gcc -c -g -O2  conftest.c >&5
configure:4393: $? = 0
configure:4400: result: yes
configure:4443: checking build system type
configure:4457: result: x86_64-apple-darwin17.7.0
configure:4477: checking host system type
configure:4490: result: x86_64-apple-darwin17.7.0
configure:4531: checking how to print strings
configure:4558: result: printf
configure:4579: checking for a sed that does not truncate output
configure:4643: result: /usr/bin/sed
configure:4661: checking for fgrep
configure:4723: result: /usr/bin/grep -F
configure:4758: checking for ld used by gcc
configure:4825: result: /Applications/Xcode.app/Contents/Developer/Toolchains/XcodeDefault.xctoolchain/usr/bin/ld
configure:4832: checking if the linker (/Applications/Xcode.app/Contents/Developer/Toolchains/XcodeDefault.xctoolchain/usr/bin/ld) is GNU ld
configure:4847: result: no
configure:4859: checking for BSD- or MS-compatible name lister (nm)
configure:4913: result: /usr/bin/nm -B
configure:5043: checking the name lister (/usr/bin/nm -B) interface
configure:5050: gcc -c -g -O2  conftest.c >&5
configure:5053: /usr/bin/nm -B "conftest.o"
configure:5056: output
00000000000001c8 S _some_variable
configure:5063: result: BSD nm
configure:5066: checking whether ln -s works
configure:5070: result: yes
configure:5078: checking the maximum length of command line arguments
configure:5209: result: 196608
configure:5257: checking how to convert x86_64-apple-darwin17.7.0 file names to x86_64-apple-darwin17.7.0 format
configure:5297: result: func_convert_file_noop
configure:5304: checking how to convert x86_64-apple-darwin17.7.0 file names to toolchain format
configure:5324: result: func_convert_file_noop
configure:5331: checking for /Applications/Xcode.app/Contents/Developer/Toolchains/XcodeDefault.xctoolchain/usr/bin/ld option to reload object files
configure:5338: result: -r
configure:5412: checking for objdump
configure:5428: found /usr/bin/objdump
configure:5439: result: objdump
configure:5471: checking how to recognize dependent libraries
configure:5671: result: pass_all
configure:5756: checking for dlltool
configure:5786: result: no
configure:5816: checking how to associate runtime and link libraries
configure:5843: result: printf %s\n
configure:5903: checking for ar
configure:5919: found /usr/bin/ar
configure:5930: result: ar
configure:5967: checking for archiver @FILE support
configure:5984: gcc -c -g -O2  conftest.c >&5
configure:5984: $? = 0
configure:5987: ar cru libconftest.a @conftest.lst >&5
ar: @conftest.lst: No such file or directory
configure:5990: $? = 1
configure:6010: result: no
configure:6068: checking for strip
configure:6084: found /usr/bin/strip
configure:6095: result: strip
configure:6167: checking for ranlib
configure:6183: found /usr/bin/ranlib
configure:6194: result: ranlib
configure:6296: checking command to parse /usr/bin/nm -B output from gcc object
configure:6449: gcc -c -g -O2  conftest.c >&5
configure:6452: $? = 0
configure:6456: /usr/bin/nm -B conftest.o \| sed -n -e 's/^.*[ ]\([BCDEGRST][BCDEGRST]*\)[ ][ ]*\([_A-Za-z][_A-Za-z0-9]*\)$/\1 \2 \2/p' | sed '/ __gnu_lto/d' \> conftest.nm
configure:6459: $? = 0
cannot find nm_test_var in conftest.nm
configure:6449: gcc -c -g -O2  conftest.c >&5
configure:6452: $? = 0
configure:6456: /usr/bin/nm -B conftest.o \| sed -n -e 's/^.*[ ]\([BCDEGRST][BCDEGRST]*\)[ ][ ]*_\([_A-Za-z][_A-Za-z0-9]*\)$/\1 _\2 \2/p' | sed '/ __gnu_lto/d' \> conftest.nm
configure:6459: $? = 0
configure:6525: gcc -o conftest -g -O2   conftest.c conftstm.o >&5
warning: (x86_64)  could not find object file symbol for symbol _main
configure:6528: $? = 0
configure:6566: result: ok
configure:6613: checking for sysroot
configure:6643: result: no
configure:6650: checking for a working dd
configure:6688: result: /bin/dd
configure:6692: checking how to truncate binary pipes
configure:6707: result: /bin/dd bs=4096 count=1
configure:7036: checking for mt
configure:7066: result: no
configure:7086: checking if : is a manifest tool
configure:7092: : '-?'
configure:7100: result: no
configure:7156: checking for dsymutil
configure:7172: found /usr/bin/dsymutil
configure:7183: result: dsymutil
configure:7248: checking for nmedit
configure:7264: found /usr/bin/nmedit
configure:7275: result: nmedit
configure:7340: checking for lipo
configure:7356: found /usr/bin/lipo
configure:7367: result: lipo
configure:7432: checking for otool
configure:7448: found /usr/bin/otool
configure:7459: result: otool
configure:7524: checking for otool64
configure:7554: result: no
configure:7599: checking for -single_module linker flag
gcc -g -O2  -o libconftest.dylib -dynamiclib -Wl,-single_module conftest.c
configure:7632: result: yes
configure:7635: checking for -exported_symbols_list linker flag
configure:7655: gcc -o conftest -g -O2   -Wl,-exported_symbols_list,conftest.sym conftest.c  >&5
configure:7655: $? = 0
configure:7665: result: yes
configure:7668: checking for -force_load linker flag
gcc -g -O2 -c -o conftest.o conftest.c
ar cru libconftest.a conftest.o
ranlib libconftest.a
gcc -g -O2  -o conftest conftest.c -Wl,-force_load,./libconftest.a
configure:7700: result: yes
configure:7774: checking for dlfcn.h
configure:7774: gcc -c -g -O2  conftest.c >&5
configure:7774: $? = 0
configure:7774: result: yes
configure:8030: checking for objdir
configure:8045: result: .libs
configure:8309: checking if gcc supports -fno-rtti -fno-exceptions
configure:8327: gcc -c -g -O2  -fno-rtti -fno-exceptions conftest.c >&5
configure:8331: $? = 0
configure:8344: result: yes
configure:8702: checking for gcc option to produce PIC
configure:8709: result: -fno-common -DPIC
configure:8717: checking if gcc PIC flag -fno-common -DPIC works
configure:8735: gcc -c -g -O2  -fno-common -DPIC -DPIC conftest.c >&5
configure:8739: $? = 0
configure:8752: result: yes
configure:8781: checking if gcc static flag -static works
configure:8809: result: no
configure:8824: checking if gcc supports -c -o file.o
configure:8845: gcc -c -g -O2  -o out/conftest2.o conftest.c >&5
configure:8849: $? = 0
configure:8871: result: yes
configure:8879: checking if gcc supports -c -o file.o
configure:8926: result: yes
configure:8959: checking whether the gcc linker (/Applications/Xcode.app/Contents/Developer/Toolchains/XcodeDefault.xctoolchain/usr/bin/ld) supports shared libraries
configure:10218: result: yes
configure:10458: checking dynamic linker characteristics
configure:11276: result: darwin17.7.0 dyld
configure:11398: checking how to hardcode library paths into programs
configure:11423: result: immediate
configure:11971: checking whether stripping libraries is possible
configure:11985: result: yes
configure:12011: checking if libtool supports shared libraries
configure:12013: result: yes
configure:12016: checking whether to build shared libraries
configure:12041: result: yes
configure:12044: checking whether to build static libraries
configure:12048: result: yes
configure:12097: checking whether make supports nested variables
configure:12114: result: yes
configure:12197: checking for gcc
configure:12224: result: gcc
configure:12453: checking for C compiler version
configure:12462: gcc --version >&5
Apple LLVM version 9.1.0 (clang-902.0.39.2)
Target: x86_64-apple-darwin17.7.0
Thread model: posix
InstalledDir: /Applications/Xcode.app/Contents/Developer/Toolchains/XcodeDefault.xctoolchain/usr/bin
Configured with: --prefix=/Applications/Xcode.app/Contents/Developer/usr --with-gxx-include-dir=/usr/include/c++/4.2.1
configure:12473: $? = 0
configure:12462: gcc -v >&5
Configured with: --prefix=/Applications/Xcode.app/Contents/Developer/usr --with-gxx-include-dir=/usr/include/c++/4.2.1
Apple LLVM version 9.1.0 (clang-902.0.39.2)
Target: x86_64-apple-darwin17.7.0
Thread model: posix
InstalledDir: /Applications/Xcode.app/Contents/Developer/Toolchains/XcodeDefault.xctoolchain/usr/bin
configure:12473: $? = 0
configure:12462: gcc -V >&5
clang: error: argument to '-V' is missing (expected 1 value)
clang: error: no input files
configure:12473: $? = 1
configure:12462: gcc -qversion >&5
clang: error: unknown argument: '-qversion'
clang: error: no input files
configure:12473: $? = 1
configure:12477: checking whether we are using the GNU C compiler
configure:12505: result: yes
configure:12514: checking whether gcc accepts -g
configure:12575: result: yes
configure:12592: checking for gcc option to accept ISO C89
configure:12668: result: none needed
configure:12693: checking whether gcc understands -c and -o together
configure:12730: result: yes
configure:12749: checking dependency style of gcc
configure:12860: result: gcc3
configure:12935: checking for supported compiler flags
configure:12952: gcc -c -g -O2 -Wall  conftest.c >&5
configure:12952: $? = 0
configure:12952: gcc -c -g -O2 -Wextra  conftest.c >&5
configure:12952: $? = 0
configure:12952: gcc -c -g -O2 -Wno-missing-field-initializers  conftest.c >&5
configure:12952: $? = 0
configure:12952: gcc -c -g -O2 -Wno-sign-compare  conftest.c >&5
configure:12952: $? = 0
configure:12952: gcc -c -g -O2 -Wno-pointer-sign  conftest.c >&5
configure:12952: $? = 0
configure:12952: gcc -c -g -O2 -Wno-unused-parameter  conftest.c >&5
configure:12952: $? = 0
configure:12952: gcc -c -g -O2 -Wno-unused-const-variable  conftest.c >&5
configure:12952: $? = 0
configure:12952: gcc -c -g -O2 -Werror=pointer-to-int-cast  conftest.c >&5
configure:12952: $? = 0
configure:12952: gcc -c -g -O2 -Wdeclaration-after-statement  conftest.c >&5
configure:12952: $? = 0
configure:12952: gcc -c -g -O2 -Werror-implicit-function-declaration  conftest.c >&5
configure:12952: $? = 0
configure:12952: gcc -c -g -O2 -Wformat-security  conftest.c >&5
configure:12952: $? = 0
configure:12952: gcc -c -g -O2 -Winit-self  conftest.c >&5
configure:12952: $? = 0
configure:12952: gcc -c -g -O2 -Wno-missing-declarations  conftest.c >&5
configure:12952: $? = 0
configure:12952: gcc -c -g -O2 -Wmissing-include-dirs  conftest.c >&5
configure:12952: $? = 0
configure:12952: gcc -c -g -O2 -Wnested-externs  conftest.c >&5
configure:12952: $? = 0
configure:12952: gcc -c -g -O2 -Wpointer-arith  conftest.c >&5
configure:12952: $? = 0
configure:12952: gcc -c -g -O2 -Wwrite-strings  conftest.c >&5
configure:12952: $? = 0
configure:12966: result:  -Wall -Wextra -Wno-missing-field-initializers -Wno-sign-compare -Wno-pointer-sign -Wno-unused-parameter -Wno-unused-const-variable -Werror=pointer-to-int-cast -Wdeclaration-after-statement -Werror-implicit-function-declaration -Wformat-security -Winit-self -Wno-missing-declarations -Wmissing-include-dirs -Wnested-externs -Wpointer-arith -Wwrite-strings
configure:12980: checking for mlockall
configure:12980: gcc -o conftest -g -O2   conftest.c  >&5
configure:12980: $? = 0
configure:12980: result: yes
configure:12993: checking for mkstemps
configure:12993: gcc -o conftest -g -O2   conftest.c  >&5
configure:12993: $? = 0
configure:12993: result: yes
configure:13007: checking for strcasestr
configure:13007: gcc -o conftest -g -O2   conftest.c  >&5
configure:13007: $? = 0
configure:13007: result: yes
configure:13007: checking for asprintf
configure:13007: gcc -o conftest -g -O2   conftest.c  >&5
conftest.c:65:18: warning: format string missing [-Wformat]
return asprintf ();
       ~~~~~~~~  ^
1 warning generated.
configure:13007: $? = 0
configure:13007: result: yes
configure:13021: checking for gmtime_r
configure:13021: gcc -o conftest -g -O2   conftest.c  >&5
configure:13021: $? = 0
configure:13021: result: yes
configure:13021: checking for timegm
configure:13021: gcc -o conftest -g -O2   conftest.c  >&5
configure:13021: $? = 0
configure:13021: result: yes
configure:13096: checking for pkg-config
configure:13114: found /usr/local/bin/pkg-config
configure:13126: result: /usr/local/bin/pkg-config
configure:13151: checking pkg-config is at least version 0.9.0
configure:13154: result: yes
configure:13176: checking for gtk+-3.0
configure:13183: $PKG_CONFIG --exists --print-errors "gtk+-3.0"
configure:13186: $? = 0
configure:13200: $PKG_CONFIG --exists --print-errors "gtk+-3.0"
configure:13203: $? = 0
configure:13253: result: yes
configure:13262: checking if gtk+ is usable
configure:13282: gcc -o conftest -g -O2 -D_REENTRANT -I/usr/local/Cellar/gtk+3/3.22.30/include/gtk-3.0 -I/usr/local/Cellar/glib/2.56.1/include/gio-unix-2.0/ -I/usr/local/Cellar/cairo/1.14.12/include/cairo -I/usr/local/Cellar/libepoxy/1.5.2/include -I/usr/local/Cellar/pango/1.42.3/include/pango-1.0 -I/usr/local/Cellar/harfbuzz/1.8.8/include/harfbuzz -I/usr/local/Cellar/graphite2/1.3.12/include -I/usr/local/Cellar/pango/1.42.3/include/pango-1.0 -I/usr/local/Cellar/fribidi/1.0.5/include/fribidi -I/usr/local/Cellar/atk/2.28.1_2/include/atk-1.0 -I/usr/local/Cellar/cairo/1.14.12/include/cairo -I/usr/local/Cellar/pixman/0.34.0_1/include/pixman-1 -I/usr/local/Cellar/fontconfig/2.13.0/include -I/usr/local/opt/freetype/include/freetype2 -I/usr/local/Cellar/libpng/1.6.35/include/libpng16 -I/usr/local/Cellar/gdk-pixbuf/2.36.12/include/gdk-pixbuf-2.0 -I/usr/local/Cellar/libpng/1.6.35/include/libpng16 -I/usr/local/Cellar/glib/2.56.1/include/glib-2.0 -I/usr/local/Cellar/glib/2.56.1/lib/glib-2.0/include -I/usr/local/opt/gettext/include -I/usr/local/Cellar/pcre/8.42/include   conftest.c  -L/usr/local/Cellar/gtk+3/3.22.30/lib -L/usr/local/Cellar/pango/1.42.3/lib -L/usr/local/Cellar/atk/2.28.1_2/lib -L/usr/local/Cellar/cairo/1.14.12/lib -L/usr/local/Cellar/gdk-pixbuf/2.36.12/lib -L/usr/local/Cellar/glib/2.56.1/lib -L/usr/local/opt/gettext/lib -lgtk-3 -lgdk-3 -lpangocairo-1.0 -lpango-1.0 -latk-1.0 -lcairo-gobject -lcairo -lgdk_pixbuf-2.0 -lgio-2.0 -lgobject-2.0 -lglib-2.0 -lintl -Wl,-framework -Wl,CoreFoundation >&5
configure:13282: $? = 0
configure:13283: result: yes
configure:13310: checking for libxml-2.0
configure:13317: $PKG_CONFIG --exists --print-errors "libxml-2.0"
configure:13320: $? = 0
configure:13334: $PKG_CONFIG --exists --print-errors "libxml-2.0"
configure:13337: $? = 0
configure:13395: result: yes
configure:13429: $PKG_CONFIG --exists --print-errors "libtomcrypt"
Package libtomcrypt was not found in the pkg-config search path.
Perhaps you should add the directory containing `libtomcrypt.pc'
to the PKG_CONFIG_PATH environment variable
No package 'libtomcrypt' found
configure:13432: $? = 1
configure:13548: checking if libtomcrypt is usable
configure:13564: gcc -o conftest -g -O2 -DLTM_DESC   conftest.c  -ltomcrypt >&5
conftest.c:34:10: fatal error: 'tomcrypt.h' file not found
#include <tomcrypt.h>
         ^~~~~~~~~~~~
1 error generated.
configure:13564: $? = 1
configure: failed program was:
| /* confdefs.h */
| #define PACKAGE_NAME "stoken"
| #define PACKAGE_TARNAME "stoken"
| #define PACKAGE_VERSION "0.92"
| #define PACKAGE_STRING "stoken 0.92"
| #define PACKAGE_BUGREPORT "cernekee@gmail.com"
| #define PACKAGE_URL "http://stoken.sf.net/"
| #define PACKAGE "stoken"
| #define VERSION "0.92"
| #define STDC_HEADERS 1
| #define HAVE_SYS_TYPES_H 1
| #define HAVE_SYS_STAT_H 1
| #define HAVE_STDLIB_H 1
| #define HAVE_STRING_H 1
| #define HAVE_MEMORY_H 1
| #define HAVE_STRINGS_H 1
| #define HAVE_INTTYPES_H 1
| #define HAVE_STDINT_H 1
| #define HAVE_UNISTD_H 1
| #define __EXTENSIONS__ 1
| #define _ALL_SOURCE 1
| #define _GNU_SOURCE 1
| #define _POSIX_PTHREAD_SEMANTICS 1
| #define _TANDEM_SOURCE 1
| #define HAVE_DLFCN_H 1
| #define LT_OBJDIR ".libs/"
| #define HAVE_MLOCKALL 1
| #define HAVE_MKSTEMPS 1
| #define HAVE_STRCASESTR 1
| #define HAVE_ASPRINTF 1
| #define HAVE_GMTIME_R 1
| #define HAVE_TIMEGM 1
| /* end confdefs.h.  */
| #include <tomcrypt.h>
| 		     #include <stdlib.h>
| int
| main ()
| {
| rijndael_ecb_encrypt(NULL,NULL,NULL);
| 		 ltc_mp = ltm_desc;
| 		 register_hash(&sha1_desc);
|   ;
|   return 0;
| }
configure:13570: result: no
configure:13576: checking whether libtomcrypt uses newer LTC_PKCS_1_V1_5 naming convention
configure:13589: gcc -c -g -O2 -DLTM_DESC  conftest.c >&5
conftest.c:34:10: fatal error: 'tomcrypt.h' file not found
#include <tomcrypt.h>
         ^~~~~~~~~~~~
1 error generated.
configure:13589: $? = 1
configure: failed program was:
| /* confdefs.h */
| #define PACKAGE_NAME "stoken"
| #define PACKAGE_TARNAME "stoken"
| #define PACKAGE_VERSION "0.92"
| #define PACKAGE_STRING "stoken 0.92"
| #define PACKAGE_BUGREPORT "cernekee@gmail.com"
| #define PACKAGE_URL "http://stoken.sf.net/"
| #define PACKAGE "stoken"
| #define VERSION "0.92"
| #define STDC_HEADERS 1
| #define HAVE_SYS_TYPES_H 1
| #define HAVE_SYS_STAT_H 1
| #define HAVE_STDLIB_H 1
| #define HAVE_STRING_H 1
| #define HAVE_MEMORY_H 1
| #define HAVE_STRINGS_H 1
| #define HAVE_INTTYPES_H 1
| #define HAVE_STDINT_H 1
| #define HAVE_UNISTD_H 1
| #define __EXTENSIONS__ 1
| #define _ALL_SOURCE 1
| #define _GNU_SOURCE 1
| #define _POSIX_PTHREAD_SEMANTICS 1
| #define _TANDEM_SOURCE 1
| #define HAVE_DLFCN_H 1
| #define LT_OBJDIR ".libs/"
| #define HAVE_MLOCKALL 1
| #define HAVE_MKSTEMPS 1
| #define HAVE_STRCASESTR 1
| #define HAVE_ASPRINTF 1
| #define HAVE_GMTIME_R 1
| #define HAVE_TIMEGM 1
| /* end confdefs.h.  */
| #include <tomcrypt.h>
| int
| main ()
| {
| int padding = LTC_PKCS_1_V1_5;
|   ;
|   return 0;
| }
configure:13593: result: no
configure:13608: checking for nettle >= 2.4
configure:13615: $PKG_CONFIG --exists --print-errors "nettle >= 2.4"
configure:13618: $? = 0
configure:13632: $PKG_CONFIG --exists --print-errors "nettle >= 2.4"
configure:13635: $? = 0
configure:13693: result: yes
configure:13699: checking for hogweed >= 2.4
configure:13706: $PKG_CONFIG --exists --print-errors "hogweed >= 2.4"
configure:13709: $? = 0
configure:13723: $PKG_CONFIG --exists --print-errors "hogweed >= 2.4"
configure:13726: $? = 0
configure:13784: result: yes
configure:13802: checking nettle base64 API version
configure:13816: gcc -c -g -O2 -Werror  conftest.c >&5
configure:13816: $? = 0
configure:13817: result: 3.0+
configure:13939: _JTOPDIR=/Library/Java/JavaVirtualMachines/jdk1.8.0_60.jdk/Contents/Home
configure:13940: _JINC=/Library/Java/JavaVirtualMachines/jdk1.8.0_60.jdk/Contents/Home/include
configure:13946: checking for /Library/Java/JavaVirtualMachines/jdk1.8.0_60.jdk/Contents/Home/include/jni.h
configure:13960: result: yes
configure:14026: checking jni.h usability
configure:14039: gcc -c -g -O2  -I/Library/Java/JavaVirtualMachines/jdk1.8.0_60.jdk/Contents/Home/include -I/Library/Java/JavaVirtualMachines/jdk1.8.0_60.jdk/Contents/Home/include/darwin  conftest.c >&5
configure:14039: $? = 0
configure:14040: result: yes
configure:14096: checking linker version script flag
configure:14129: gcc -o conftest -g -O2   -Wl,--version-script,conftest.map conftest.c  >&5
ld: unknown option: --version-script
clang: error: linker command failed with exit code 1 (use -v to see invocation)
configure:14129: $? = 1
configure: failed program was:
| /* confdefs.h */
| #define PACKAGE_NAME "stoken"
| #define PACKAGE_TARNAME "stoken"
| #define PACKAGE_VERSION "0.92"
| #define PACKAGE_STRING "stoken 0.92"
| #define PACKAGE_BUGREPORT "cernekee@gmail.com"
| #define PACKAGE_URL "http://stoken.sf.net/"
| #define PACKAGE "stoken"
| #define VERSION "0.92"
| #define STDC_HEADERS 1
| #define HAVE_SYS_TYPES_H 1
| #define HAVE_SYS_STAT_H 1
| #define HAVE_STDLIB_H 1
| #define HAVE_STRING_H 1
| #define HAVE_MEMORY_H 1
| #define HAVE_STRINGS_H 1
| #define HAVE_INTTYPES_H 1
| #define HAVE_STDINT_H 1
| #define HAVE_UNISTD_H 1
| #define __EXTENSIONS__ 1
| #define _ALL_SOURCE 1
| #define _GNU_SOURCE 1
| #define _POSIX_PTHREAD_SEMANTICS 1
| #define _TANDEM_SOURCE 1
| #define HAVE_DLFCN_H 1
| #define LT_OBJDIR ".libs/"
| #define HAVE_MLOCKALL 1
| #define HAVE_MKSTEMPS 1
| #define HAVE_STRCASESTR 1
| #define HAVE_ASPRINTF 1
| #define HAVE_GMTIME_R 1
| #define HAVE_TIMEGM 1
| #define LIBTOMCRYPT_OLD_PKCS_NAMES 1
| /* end confdefs.h.  */
| int show, hide;
| int
| main ()
| {
| 
|   ;
|   return 0;
| }
configure:14173: gcc -o conftest -g -O2   -Wl,-M,conftest.map conftest.c  >&5
ld: warning: ignoring file conftest.map, file was built for unsupported file format ( 0x56 0x31 0x20 0x7B 0x20 0x67 0x6C 0x6F 0x62 0x61 0x6C 0x3A 0x20 0x73 0x68 0x6F ) which is not the architecture being linked (x86_64): conftest.map
configure:14173: $? = 0
configure:14219: gcc -o conftest -g -O2   -Wl,-M,conftest.map conftest.c  >&5
ld: warning: ignoring file conftest.map, file was built for unsupported file format ( 0x56 0x31 0x20 0x7B 0x20 0x67 0x6C 0x6F 0x62 0x61 0x6C 0x3A 0x20 0x73 0x68 0x6F ) which is not the architecture being linked (x86_64): conftest.map
configure:14219: $? = 0
configure:14237: result: unsupported
configure:14460: checking that generated files are newer than configure
configure:14466: result: done
configure:14517: creating ./config.status

## ---------------------- ##
## Running config.status. ##
## ---------------------- ##

This file was extended by stoken config.status 0.92, which was
generated by GNU Autoconf 2.69.  Invocation command line was

  CONFIG_FILES    = 
  CONFIG_HEADERS  = 
  CONFIG_LINKS    = 
  CONFIG_COMMANDS = 
  $ ./config.status 

on Rakeshs-MacBook-Pro.local

config.status:1142: creating Makefile
config.status:1142: creating stoken.pc
config.status:1142: creating config.h
config.status:1323: config.h is unchanged
config.status:1371: executing depfiles commands
config.status:1448: cd .       && sed -e '/# am--include-marker/d' Makefile         | make -f - am--depfiles
make: Nothing to be done for `am--depfiles'.
config.status:1453: $? = 0
config.status:1371: executing libtool commands

## ---------------- ##
## Cache variables. ##
## ---------------- ##

ac_cv_build=x86_64-apple-darwin17.7.0
ac_cv_c_compiler_gnu=yes
ac_cv_env_CC_set=
ac_cv_env_CC_value=
ac_cv_env_CFLAGS_set=
ac_cv_env_CFLAGS_value=
ac_cv_env_CPPFLAGS_set=
ac_cv_env_CPPFLAGS_value=
ac_cv_env_CPP_set=
ac_cv_env_CPP_value=
ac_cv_env_GTK_CFLAGS_set=
ac_cv_env_GTK_CFLAGS_value=
ac_cv_env_GTK_LIBS_set=
ac_cv_env_GTK_LIBS_value=
ac_cv_env_HOGWEED_CFLAGS_set=
ac_cv_env_HOGWEED_CFLAGS_value=
ac_cv_env_HOGWEED_LIBS_set=
ac_cv_env_HOGWEED_LIBS_value=
ac_cv_env_LDFLAGS_set=
ac_cv_env_LDFLAGS_value=
ac_cv_env_LIBS_set=
ac_cv_env_LIBS_value=
ac_cv_env_LIBXML2_CFLAGS_set=
ac_cv_env_LIBXML2_CFLAGS_value=
ac_cv_env_LIBXML2_LIBS_set=
ac_cv_env_LIBXML2_LIBS_value=
ac_cv_env_LT_SYS_LIBRARY_PATH_set=
ac_cv_env_LT_SYS_LIBRARY_PATH_value=
ac_cv_env_NETTLE_CFLAGS_set=
ac_cv_env_NETTLE_CFLAGS_value=
ac_cv_env_NETTLE_LIBS_set=
ac_cv_env_NETTLE_LIBS_value=
ac_cv_env_PKG_CONFIG_LIBDIR_set=
ac_cv_env_PKG_CONFIG_LIBDIR_value=
ac_cv_env_PKG_CONFIG_PATH_set=
ac_cv_env_PKG_CONFIG_PATH_value=
ac_cv_env_PKG_CONFIG_set=
ac_cv_env_PKG_CONFIG_value=
ac_cv_env_TOMCRYPT_CFLAGS_set=
ac_cv_env_TOMCRYPT_CFLAGS_value=
ac_cv_env_TOMCRYPT_LIBS_set=
ac_cv_env_TOMCRYPT_LIBS_value=
ac_cv_env_build_alias_set=
ac_cv_env_build_alias_value=
ac_cv_env_host_alias_set=
ac_cv_env_host_alias_value=
ac_cv_env_target_alias_set=
ac_cv_env_target_alias_value=
ac_cv_file__Library_Java_JavaVirtualMachines_jdk1_8_0_60_jdk_Contents_Home_include_jni_h=yes
ac_cv_func_asprintf=yes
ac_cv_func_gmtime_r=yes
ac_cv_func_mkstemps=yes
ac_cv_func_mlockall=yes
ac_cv_func_strcasestr=yes
ac_cv_func_timegm=yes
ac_cv_header_dlfcn_h=yes
ac_cv_header_inttypes_h=yes
ac_cv_header_memory_h=yes
ac_cv_header_minix_config_h=no
ac_cv_header_stdc=yes
ac_cv_header_stdint_h=yes
ac_cv_header_stdlib_h=yes
ac_cv_header_string_h=yes
ac_cv_header_strings_h=yes
ac_cv_header_sys_stat_h=yes
ac_cv_header_sys_types_h=yes
ac_cv_header_unistd_h=yes
ac_cv_host=x86_64-apple-darwin17.7.0
ac_cv_objext=o
ac_cv_path_EGREP='/usr/bin/grep -E'
ac_cv_path_FGREP='/usr/bin/grep -F'
ac_cv_path_GREP=/usr/bin/grep
ac_cv_path_SED=/usr/bin/sed
ac_cv_path_ac_pt_PKG_CONFIG=/usr/local/bin/pkg-config
ac_cv_path_install='/usr/local/bin/ginstall -c'
ac_cv_path_lt_DD=/bin/dd
ac_cv_path_mkdir=/usr/local/bin/gmkdir
ac_cv_prog_AWK=awk
ac_cv_prog_CPP='gcc -E'
ac_cv_prog_ac_ct_AR=ar
ac_cv_prog_ac_ct_CC=gcc
ac_cv_prog_ac_ct_DSYMUTIL=dsymutil
ac_cv_prog_ac_ct_LIPO=lipo
ac_cv_prog_ac_ct_NMEDIT=nmedit
ac_cv_prog_ac_ct_OBJDUMP=objdump
ac_cv_prog_ac_ct_OTOOL=otool
ac_cv_prog_ac_ct_RANLIB=ranlib
ac_cv_prog_ac_ct_STRIP=strip
ac_cv_prog_cc_c89=
ac_cv_prog_cc_g=yes
ac_cv_prog_make_make_set=yes
ac_cv_safe_to_define___extensions__=yes
am_cv_CC_dependencies_compiler_type=gcc3
am_cv_make_support_nested_variables=yes
am_cv_prog_cc_c_o=yes
ax_cv_check_vscript_flag=unsupported
lt_cv_apple_cc_single_mod=yes
lt_cv_ar_at_file=no
lt_cv_deplibs_check_method=pass_all
lt_cv_file_magic_cmd='$MAGIC_CMD'
lt_cv_file_magic_test_file=
lt_cv_ld_exported_symbols_list=yes
lt_cv_ld_force_load=yes
lt_cv_ld_reload_flag=-r
lt_cv_nm_interface='BSD nm'
lt_cv_objdir=.libs
lt_cv_path_LD=/Applications/Xcode.app/Contents/Developer/Toolchains/XcodeDefault.xctoolchain/usr/bin/ld
lt_cv_path_NM='/usr/bin/nm -B'
lt_cv_path_mainfest_tool=no
lt_cv_prog_compiler_c_o=yes
lt_cv_prog_compiler_pic='-fno-common -DPIC'
lt_cv_prog_compiler_pic_works=yes
lt_cv_prog_compiler_rtti_exceptions=yes
lt_cv_prog_compiler_static_works=no
lt_cv_prog_gnu_ld=no
lt_cv_sharedlib_from_linklib_cmd='printf %s\n'
lt_cv_sys_global_symbol_pipe='sed -n -e '\''s/^.*[	 ]\([BCDEGRST][BCDEGRST]*\)[	 ][	 ]*_\([_A-Za-z][_A-Za-z0-9]*\)$/\1 _\2 \2/p'\'' | sed '\''/ __gnu_lto/d'\'''
lt_cv_sys_global_symbol_to_c_name_address='sed -n -e '\''s/^: \(.*\) .*$/  {"\1", (void *) 0},/p'\'' -e '\''s/^[BCDEGRST][BCDEGRST]* .* \(.*\)$/  {"\1", (void *) \&\1},/p'\'''
lt_cv_sys_global_symbol_to_c_name_address_lib_prefix='sed -n -e '\''s/^: \(.*\) .*$/  {"\1", (void *) 0},/p'\'' -e '\''s/^[BCDEGRST][BCDEGRST]* .* \(lib.*\)$/  {"\1", (void *) \&\1},/p'\'' -e '\''s/^[BCDEGRST][BCDEGRST]* .* \(.*\)$/  {"lib\1", (void *) \&\1},/p'\'''
lt_cv_sys_global_symbol_to_cdecl='sed -n -e '\''s/^T .* \(.*\)$/extern int \1();/p'\'' -e '\''s/^[BCDEGRST][BCDEGRST]* .* \(.*\)$/extern char \1;/p'\'''
lt_cv_sys_global_symbol_to_import=
lt_cv_sys_max_cmd_len=196608
lt_cv_to_host_file_cmd=func_convert_file_noop
lt_cv_to_tool_file_cmd=func_convert_file_noop
lt_cv_truncate_bin='/bin/dd bs=4096 count=1'
pkg_cv_GTK_CFLAGS='-D_REENTRANT -I/usr/local/Cellar/gtk+3/3.22.30/include/gtk-3.0 -I/usr/local/Cellar/glib/2.56.1/include/gio-unix-2.0/ -I/usr/local/Cellar/cairo/1.14.12/include/cairo -I/usr/local/Cellar/libepoxy/1.5.2/include -I/usr/local/Cellar/pango/1.42.3/include/pango-1.0 -I/usr/local/Cellar/harfbuzz/1.8.8/include/harfbuzz -I/usr/local/Cellar/graphite2/1.3.12/include -I/usr/local/Cellar/pango/1.42.3/include/pango-1.0 -I/usr/local/Cellar/fribidi/1.0.5/include/fribidi -I/usr/local/Cellar/atk/2.28.1_2/include/atk-1.0 -I/usr/local/Cellar/cairo/1.14.12/include/cairo -I/usr/local/Cellar/pixman/0.34.0_1/include/pixman-1 -I/usr/local/Cellar/fontconfig/2.13.0/include -I/usr/local/opt/freetype/include/freetype2 -I/usr/local/Cellar/libpng/1.6.35/include/libpng16 -I/usr/local/Cellar/gdk-pixbuf/2.36.12/include/gdk-pixbuf-2.0 -I/usr/local/Cellar/libpng/1.6.35/include/libpng16 -I/usr/local/Cellar/glib/2.56.1/include/glib-2.0 -I/usr/local/Cellar/glib/2.56.1/lib/glib-2.0/include -I/usr/local/opt/gettext/include -I/usr/local/Cellar/pcre/8.42/include'
pkg_cv_GTK_LIBS='-L/usr/local/Cellar/gtk+3/3.22.30/lib -L/usr/local/Cellar/pango/1.42.3/lib -L/usr/local/Cellar/atk/2.28.1_2/lib -L/usr/local/Cellar/cairo/1.14.12/lib -L/usr/local/Cellar/gdk-pixbuf/2.36.12/lib -L/usr/local/Cellar/glib/2.56.1/lib -L/usr/local/opt/gettext/lib -lgtk-3 -lgdk-3 -lpangocairo-1.0 -lpango-1.0 -latk-1.0 -lcairo-gobject -lcairo -lgdk_pixbuf-2.0 -lgio-2.0 -lgobject-2.0 -lglib-2.0 -lintl -Wl,-framework -Wl,CoreFoundation'
pkg_cv_HOGWEED_CFLAGS=-I/usr/local/Cellar/nettle/3.4/include
pkg_cv_HOGWEED_LIBS='-L/usr/local/Cellar/nettle/3.4/lib -lhogweed'
pkg_cv_LIBXML2_CFLAGS=-I/usr/include/libxml2
pkg_cv_LIBXML2_LIBS=-lxml2
pkg_cv_NETTLE_CFLAGS=-I/usr/local/Cellar/nettle/3.4/include
pkg_cv_NETTLE_LIBS='-L/usr/local/Cellar/nettle/3.4/lib -lnettle'

## ----------------- ##
## Output variables. ##
## ----------------- ##

ACLOCAL='${SHELL} /Users/rakesh/Projects/stoken/build-aux/missing aclocal-1.16'
AMDEPBACKSLASH='\'
AMDEP_FALSE='#'
AMDEP_TRUE=''
AMTAR='$${TAR-tar}'
AM_BACKSLASH='\'
AM_DEFAULT_V='$(AM_DEFAULT_VERBOSITY)'
AM_DEFAULT_VERBOSITY='0'
AM_V='$(V)'
APIMAJOR='1'
APIMINOR='3'
AR='ar'
AUTOCONF='${SHELL} /Users/rakesh/Projects/stoken/build-aux/missing autoconf'
AUTOHEADER='${SHELL} /Users/rakesh/Projects/stoken/build-aux/missing autoheader'
AUTOMAKE='${SHELL} /Users/rakesh/Projects/stoken/build-aux/missing automake-1.16'
AWK='awk'
CC='gcc'
CCDEPMODE='depmode=gcc3'
CFLAGS='-g -O2'
CPP='gcc -E'
CPPFLAGS=''
CRYPTO_BACKEND='nettle'
CRYPTO_CFLAGS='-I/usr/local/Cellar/nettle/3.4/include -I/usr/local/Cellar/nettle/3.4/include'
CRYPTO_LIBS='-L/usr/local/Cellar/nettle/3.4/lib -lnettle -L/usr/local/Cellar/nettle/3.4/lib -lhogweed -lgmp'
CYGPATH_W='echo'
DEFS='-DHAVE_CONFIG_H'
DEPDIR='.deps'
DEPS_PC='nettle, hogweed'
DLLTOOL='false'
DSYMUTIL='dsymutil'
DUMPBIN=''
ECHO_C='\c'
ECHO_N=''
ECHO_T=''
EGREP='/usr/bin/grep -E'
ENABLE_GUI_FALSE='#'
ENABLE_GUI_TRUE=''
ENABLE_VALGRIND_FALSE=''
ENABLE_VALGRIND_TRUE='#'
EXEEXT=''
EXTRA_PC_LIBS=''
FGREP='/usr/bin/grep -F'
GREP='/usr/bin/grep'
GTK_CFLAGS='-D_REENTRANT -I/usr/local/Cellar/gtk+3/3.22.30/include/gtk-3.0 -I/usr/local/Cellar/glib/2.56.1/include/gio-unix-2.0/ -I/usr/local/Cellar/cairo/1.14.12/include/cairo -I/usr/local/Cellar/libepoxy/1.5.2/include -I/usr/local/Cellar/pango/1.42.3/include/pango-1.0 -I/usr/local/Cellar/harfbuzz/1.8.8/include/harfbuzz -I/usr/local/Cellar/graphite2/1.3.12/include -I/usr/local/Cellar/pango/1.42.3/include/pango-1.0 -I/usr/local/Cellar/fribidi/1.0.5/include/fribidi -I/usr/local/Cellar/atk/2.28.1_2/include/atk-1.0 -I/usr/local/Cellar/cairo/1.14.12/include/cairo -I/usr/local/Cellar/pixman/0.34.0_1/include/pixman-1 -I/usr/local/Cellar/fontconfig/2.13.0/include -I/usr/local/opt/freetype/include/freetype2 -I/usr/local/Cellar/libpng/1.6.35/include/libpng16 -I/usr/local/Cellar/gdk-pixbuf/2.36.12/include/gdk-pixbuf-2.0 -I/usr/local/Cellar/libpng/1.6.35/include/libpng16 -I/usr/local/Cellar/glib/2.56.1/include/glib-2.0 -I/usr/local/Cellar/glib/2.56.1/lib/glib-2.0/include -I/usr/local/opt/gettext/include -I/usr/local/Cellar/pcre/8.42/include'
GTK_LIBS='-L/usr/local/Cellar/gtk+3/3.22.30/lib -L/usr/local/Cellar/pango/1.42.3/lib -L/usr/local/Cellar/atk/2.28.1_2/lib -L/usr/local/Cellar/cairo/1.14.12/lib -L/usr/local/Cellar/gdk-pixbuf/2.36.12/lib -L/usr/local/Cellar/glib/2.56.1/lib -L/usr/local/opt/gettext/lib -lgtk-3 -lgdk-3 -lpangocairo-1.0 -lpango-1.0 -latk-1.0 -lcairo-gobject -lcairo -lgdk_pixbuf-2.0 -lgio-2.0 -lgobject-2.0 -lglib-2.0 -lintl -Wl,-framework -Wl,CoreFoundation'
HAVE_VSCRIPT_COMPLEX_FALSE=''
HAVE_VSCRIPT_COMPLEX_TRUE='#'
HAVE_VSCRIPT_FALSE=''
HAVE_VSCRIPT_TRUE='#'
HOGWEED_CFLAGS='-I/usr/local/Cellar/nettle/3.4/include'
HOGWEED_LIBS='-L/usr/local/Cellar/nettle/3.4/lib -lhogweed'
INSTALL_DATA='${INSTALL} -m 644'
INSTALL_PROGRAM='${INSTALL}'
INSTALL_SCRIPT='${INSTALL}'
INSTALL_STRIP_PROGRAM='$(install_sh) -c -s'
JNI_CFLAGS=' -I/Library/Java/JavaVirtualMachines/jdk1.8.0_60.jdk/Contents/Home/include -I/Library/Java/JavaVirtualMachines/jdk1.8.0_60.jdk/Contents/Home/include/darwin'
JNI_STANDALONE_FALSE=''
JNI_STANDALONE_TRUE='#'
LD='/Applications/Xcode.app/Contents/Developer/Toolchains/XcodeDefault.xctoolchain/usr/bin/ld'
LDFLAGS=''
LIBOBJS=''
LIBS=''
LIBTOOL='$(SHELL) $(top_builddir)/libtool'
LIBXML2_CFLAGS='-I/usr/include/libxml2'
LIBXML2_LIBS='-lxml2'
LIPO='lipo'
LN_S='ln -s'
LTLIBOBJS=''
LT_SYS_LIBRARY_PATH=''
MAKEINFO='${SHELL} /Users/rakesh/Projects/stoken/build-aux/missing makeinfo'
MANIFEST_TOOL=':'
MKDIR_P='/usr/local/bin/gmkdir -p'
NETTLE_CFLAGS='-I/usr/local/Cellar/nettle/3.4/include'
NETTLE_LIBS='-L/usr/local/Cellar/nettle/3.4/lib -lnettle'
NM='/usr/bin/nm -B'
NMEDIT='nmedit'
OBJDUMP='objdump'
OBJEXT='o'
OTOOL64=':'
OTOOL='otool'
PACKAGE='stoken'
PACKAGE_BUGREPORT='cernekee@gmail.com'
PACKAGE_NAME='stoken'
PACKAGE_STRING='stoken 0.92'
PACKAGE_TARNAME='stoken'
PACKAGE_URL='http://stoken.sf.net/'
PACKAGE_VERSION='0.92'
PATH_SEPARATOR=':'
PKG_CONFIG='/usr/local/bin/pkg-config'
PKG_CONFIG_LIBDIR=''
PKG_CONFIG_PATH=''
RANLIB='ranlib'
SED='/usr/bin/sed'
SET_MAKE=''
SHELL='/bin/sh'
STRIP='strip'
TOMCRYPT_CFLAGS=''
TOMCRYPT_LIBS='-ltomcrypt'
USE_JNI_FALSE='#'
USE_JNI_TRUE=''
VERSION='0.92'
VSCRIPT_LDFLAGS=''
WFLAGS='  -Wall -Wextra -Wno-missing-field-initializers -Wno-sign-compare -Wno-pointer-sign -Wno-unused-parameter -Wno-unused-const-variable -Werror=pointer-to-int-cast -Wdeclaration-after-statement -Werror-implicit-function-declaration -Wformat-security -Winit-self -Wno-missing-declarations -Wmissing-include-dirs -Wnested-externs -Wpointer-arith -Wwrite-strings'
_ACJNI_JAVAC=''
ac_ct_AR='ar'
ac_ct_CC='gcc'
ac_ct_DUMPBIN=''
am__EXEEXT_FALSE=''
am__EXEEXT_TRUE='#'
am__fastdepCC_FALSE='#'
am__fastdepCC_TRUE=''
am__include='include'
am__isrc=''
am__leading_dot='.'
am__nodep='_no'
am__quote=''
am__tar='$${TAR-tar} chof - "$$tardir"'
am__untar='$${TAR-tar} xf -'
bindir='${exec_prefix}/bin'
build='x86_64-apple-darwin17.7.0'
build_alias=''
build_cpu='x86_64'
build_os='darwin17.7.0'
build_vendor='apple'
datadir='${datarootdir}'
datarootdir='${prefix}/share'
docdir='${datarootdir}/doc/${PACKAGE_TARNAME}'
dvidir='${docdir}'
exec_prefix='${prefix}'
host='x86_64-apple-darwin17.7.0'
host_alias=''
host_cpu='x86_64'
host_os='darwin17.7.0'
host_vendor='apple'
htmldir='${docdir}'
includedir='${prefix}/include'
infodir='${datarootdir}/info'
install_sh='${SHELL} /Users/rakesh/Projects/stoken/build-aux/install-sh'
libdir='${exec_prefix}/lib'
libexecdir='${exec_prefix}/libexec'
localedir='${datarootdir}/locale'
localstatedir='${prefix}/var'
mandir='${datarootdir}/man'
mkdir_p='$(MKDIR_P)'
oldincludedir='/usr/include'
pdfdir='${docdir}'
pkgconfigdir='${libdir}/pkgconfig'
prefix='/usr/local'
program_transform_name='s,x,x,'
psdir='${docdir}'
sbindir='${exec_prefix}/sbin'
sharedstatedir='${prefix}/com'
sysconfdir='${prefix}/etc'
target_alias=''

## ----------- ##
## confdefs.h. ##
## ----------- ##

/* confdefs.h */
#define PACKAGE_NAME "stoken"
#define PACKAGE_TARNAME "stoken"
#define PACKAGE_VERSION "0.92"
#define PACKAGE_STRING "stoken 0.92"
#define PACKAGE_BUGREPORT "cernekee@gmail.com"
#define PACKAGE_URL "http://stoken.sf.net/"
#define PACKAGE "stoken"
#define VERSION "0.92"
#define STDC_HEADERS 1
#define HAVE_SYS_TYPES_H 1
#define HAVE_SYS_STAT_H 1
#define HAVE_STDLIB_H 1
#define HAVE_STRING_H 1
#define HAVE_MEMORY_H 1
#define HAVE_STRINGS_H 1
#define HAVE_INTTYPES_H 1
#define HAVE_STDINT_H 1
#define HAVE_UNISTD_H 1
#define __EXTENSIONS__ 1
#define _ALL_SOURCE 1
#define _GNU_SOURCE 1
#define _POSIX_PTHREAD_SEMANTICS 1
#define _TANDEM_SOURCE 1
#define HAVE_DLFCN_H 1
#define LT_OBJDIR ".libs/"
#define HAVE_MLOCKALL 1
#define HAVE_MKSTEMPS 1
#define HAVE_STRCASESTR 1
#define HAVE_ASPRINTF 1
#define HAVE_GMTIME_R 1
#define HAVE_TIMEGM 1
#define LIBTOMCRYPT_OLD_PKCS_NAMES 1

configure: exit 0
